{
  "numFailedTestSuites": 2,
  "numFailedTests": 2,
  "numPassedTestSuites": 1,
  "numPassedTests": 1,
  "numPendingTestSuites": 0,
  "numPendingTests": 0,
  "numRuntimeErrorTestSuites": 0,
  "numTodoTests": 0,
  "numTotalTestSuites": 3,
  "numTotalTests": 3,
  "openHandles": [],
  "snapshot": {
    "added": 0,
    "didUpdate": false,
    "failure": false,
    "filesAdded": 0,
    "filesRemoved": 0,
    "filesRemovedList": [],
    "filesUnmatched": 0,
    "filesUpdated": 0,
    "matched": 0,
    "total": 0,
    "unchecked": 0,
    "uncheckedKeysByFile": [],
    "unmatched": 0,
    "updated": 0
  },
  "startTime": 1654965670187,
  "success": false,
  "testResults": [
    {
      "leaks": false,
      "numFailingTests": 1,
      "numPassingTests": 0,
      "numPendingTests": 0,
      "numTodoTests": 0,
      "openHandles": [],
      "perfStats": {
        "end": 1654965675931,
        "runtime": 5467,
        "slow": true,
        "start": 1654965670464
      },
      "skipped": false,
      "snapshot": {
        "added": 0,
        "fileDeleted": false,
        "matched": 0,
        "unchecked": 0,
        "uncheckedKeys": [],
        "unmatched": 0,
        "updated": 0
      },
      "testFilePath": "G:\\Portfolio\\Session Demos\\GPT-H\\node-js-jwt-auth-master\\test\\routes.test.js",
      "testResults": [
        {
          "ancestorTitles": [
            "User Endpoints"
          ],
          "duration": 377,
          "failureDetails": [
            {
              "matcherResult": {
                "actual": 400,
                "expected": 201,
                "message": "\u001b[2mexpect(\u001b[22m\u001b[31mreceived\u001b[39m\u001b[2m).\u001b[22mtoEqual\u001b[2m(\u001b[22m\u001b[32mexpected\u001b[39m\u001b[2m) // deep equality\u001b[22m\n\nExpected: \u001b[32m201\u001b[39m\nReceived: \u001b[31m400\u001b[39m",
                "name": "toEqual",
                "pass": false
              }
            }
          ],
          "failureMessages": [
            "Error: \u001b[2mexpect(\u001b[22m\u001b[31mreceived\u001b[39m\u001b[2m).\u001b[22mtoEqual\u001b[2m(\u001b[22m\u001b[32mexpected\u001b[39m\u001b[2m) // deep equality\u001b[22m\n\nExpected: \u001b[32m201\u001b[39m\nReceived: \u001b[31m400\u001b[39m\n    at Object.toEqual (G:\\Portfolio\\Session Demos\\GPT-H\\node-js-jwt-auth-master\\test\\routes.test.js:13:28)\n    at processTicksAndRejections (node:internal/process/task_queues:96:5)"
          ],
          "fullName": "User Endpoints should create a new User",
          "invocations": 1,
          "location": null,
          "numPassingAsserts": 0,
          "retryReasons": [],
          "status": "failed",
          "title": "should create a new User"
        }
      ],
      "failureMessage": "\u001b[1m\u001b[31m  \u001b[1m● \u001b[22m\u001b[1mUser Endpoints › should create a new User\u001b[39m\u001b[22m\n\n    \u001b[2mexpect(\u001b[22m\u001b[31mreceived\u001b[39m\u001b[2m).\u001b[22mtoEqual\u001b[2m(\u001b[22m\u001b[32mexpected\u001b[39m\u001b[2m) // deep equality\u001b[22m\n\n    Expected: \u001b[32m201\u001b[39m\n    Received: \u001b[31m400\u001b[39m\n\u001b[2m\u001b[22m\n\u001b[2m    \u001b[0m \u001b[90m 11 |\u001b[39m             \u001b[32m\"role\"\u001b[39m\u001b[33m:\u001b[39m \u001b[32m\"student\"\u001b[39m\u001b[0m\u001b[22m\n\u001b[2m    \u001b[0m \u001b[90m 12 |\u001b[39m       })\u001b[0m\u001b[22m\n\u001b[2m    \u001b[0m\u001b[31m\u001b[1m>\u001b[22m\u001b[2m\u001b[39m\u001b[90m 13 |\u001b[39m     expect(res\u001b[33m.\u001b[39mstatusCode)\u001b[33m.\u001b[39mtoEqual(\u001b[35m201\u001b[39m)\u001b[0m\u001b[22m\n\u001b[2m    \u001b[0m \u001b[90m    |\u001b[39m                            \u001b[31m\u001b[1m^\u001b[22m\u001b[2m\u001b[39m\u001b[0m\u001b[22m\n\u001b[2m    \u001b[0m \u001b[90m 14 |\u001b[39m     expect(res\u001b[33m.\u001b[39mbody)\u001b[33m.\u001b[39mtoHaveProperty(\u001b[32m'post'\u001b[39m)\u001b[0m\u001b[22m\n\u001b[2m    \u001b[0m \u001b[90m 15 |\u001b[39m   })\u001b[0m\u001b[22m\n\u001b[2m    \u001b[0m \u001b[90m 16 |\u001b[39m })\u001b[0m\u001b[22m\n\u001b[2m\u001b[22m\n\u001b[2m      \u001b[2mat Object.toEqual (\u001b[22m\u001b[2m\u001b[0m\u001b[36mtest/routes.test.js\u001b[39m\u001b[0m\u001b[2m:13:28)\u001b[22m\u001b[2m\u001b[22m\n"
    },
    {
      "leaks": false,
      "numFailingTests": 1,
      "numPassingTests": 0,
      "numPendingTests": 0,
      "numTodoTests": 0,
      "openHandles": [],
      "perfStats": {
        "end": 1654965736671,
        "runtime": 60550,
        "slow": true,
        "start": 1654965676121
      },
      "skipped": false,
      "snapshot": {
        "added": 0,
        "fileDeleted": false,
        "matched": 0,
        "unchecked": 0,
        "uncheckedKeys": [],
        "unmatched": 0,
        "updated": 0
      },
      "testFilePath": "G:\\Portfolio\\Session Demos\\GPT-H\\node-js-jwt-auth-master\\test\\postAndGet.test.js",
      "testResults": [
        {
          "ancestorTitles": [
            "POST request"
          ],
          "duration": 60026,
          "failureDetails": [
            {},
            {
              "message": "thrown: \"Exceeded timeout of 60000 ms for a test.\nUse jest.setTimeout(newTimeout) to increase the timeout value, if this is a long-running test.\""
            }
          ],
          "failureMessages": [
            "Error: expected 201 \"Created\", got 404 \"Not Found\"\n    at Object.expect (G:\\Portfolio\\Session Demos\\GPT-H\\node-js-jwt-auth-master\\test\\postAndGet.test.js:29:18)\n    at Promise.then.completed (G:\\Portfolio\\Session Demos\\GPT-H\\node-js-jwt-auth-master\\node_modules\\jest-circus\\build\\utils.js:323:26)\n    at new Promise (<anonymous>)\n    at callAsyncCircusFn (G:\\Portfolio\\Session Demos\\GPT-H\\node-js-jwt-auth-master\\node_modules\\jest-circus\\build\\utils.js:259:10)\n    at _callCircusTest (G:\\Portfolio\\Session Demos\\GPT-H\\node-js-jwt-auth-master\\node_modules\\jest-circus\\build\\run.js:277:40)\n    at _runTest (G:\\Portfolio\\Session Demos\\GPT-H\\node-js-jwt-auth-master\\node_modules\\jest-circus\\build\\run.js:209:3)\n    at _runTestsForDescribeBlock (G:\\Portfolio\\Session Demos\\GPT-H\\node-js-jwt-auth-master\\node_modules\\jest-circus\\build\\run.js:97:9)\n    at _runTestsForDescribeBlock (G:\\Portfolio\\Session Demos\\GPT-H\\node-js-jwt-auth-master\\node_modules\\jest-circus\\build\\run.js:91:9)\n----\n    at Test._assertStatus (G:\\Portfolio\\Session Demos\\GPT-H\\node-js-jwt-auth-master\\node_modules\\supertest\\lib\\test.js:252:14)\n    at G:\\Portfolio\\Session Demos\\GPT-H\\node-js-jwt-auth-master\\node_modules\\supertest\\lib\\test.js:306:17\n    at Test._assertFunction (G:\\Portfolio\\Session Demos\\GPT-H\\node-js-jwt-auth-master\\node_modules\\supertest\\lib\\test.js:285:13)\n    at Test.assert (G:\\Portfolio\\Session Demos\\GPT-H\\node-js-jwt-auth-master\\node_modules\\supertest\\lib\\test.js:164:23)\n    at localAssert (G:\\Portfolio\\Session Demos\\GPT-H\\node-js-jwt-auth-master\\node_modules\\supertest\\lib\\test.js:120:14)\n    at G:\\Portfolio\\Session Demos\\GPT-H\\node-js-jwt-auth-master\\node_modules\\supertest\\lib\\test.js:125:7\n    at Test.fn [as callback] (G:\\Portfolio\\Session Demos\\GPT-H\\node-js-jwt-auth-master\\node_modules\\superagent\\src\\node\\index.js:924:3)\n    at IncomingMessage.callback (G:\\Portfolio\\Session Demos\\GPT-H\\node-js-jwt-auth-master\\node_modules\\superagent\\src\\node\\index.js:1153:18)\n    at IncomingMessage.emit (node:events:402:35)\n    at endReadableNT (node:internal/streams/readable:1343:12)",
            "Error: thrown: \"Exceeded timeout of 60000 ms for a test.\nUse jest.setTimeout(newTimeout) to increase the timeout value, if this is a long-running test.\"\n    at it (G:\\Portfolio\\Session Demos\\GPT-H\\node-js-jwt-auth-master\\test\\postAndGet.test.js:24:4)\n    at _dispatchDescribe (G:\\Portfolio\\Session Demos\\GPT-H\\node-js-jwt-auth-master\\node_modules\\jest-circus\\build\\index.js:105:26)\n    at describe (G:\\Portfolio\\Session Demos\\GPT-H\\node-js-jwt-auth-master\\node_modules\\jest-circus\\build\\index.js:60:5)\n    at Object.describe (G:\\Portfolio\\Session Demos\\GPT-H\\node-js-jwt-auth-master\\test\\postAndGet.test.js:6:1)\n    at Runtime._execModule (G:\\Portfolio\\Session Demos\\GPT-H\\node-js-jwt-auth-master\\node_modules\\jest-runtime\\build\\index.js:1714:24)\n    at Runtime._loadModule (G:\\Portfolio\\Session Demos\\GPT-H\\node-js-jwt-auth-master\\node_modules\\jest-runtime\\build\\index.js:1223:12)\n    at Runtime.requireModule (G:\\Portfolio\\Session Demos\\GPT-H\\node-js-jwt-auth-master\\node_modules\\jest-runtime\\build\\index.js:1047:12)\n    at jestAdapter (G:\\Portfolio\\Session Demos\\GPT-H\\node-js-jwt-auth-master\\node_modules\\jest-circus\\build\\legacy-code-todo-rewrite\\jestAdapter.js:89:13)\n    at runTestInternal (G:\\Portfolio\\Session Demos\\GPT-H\\node-js-jwt-auth-master\\node_modules\\jest-runner\\build\\runTest.js:411:16)\n    at runTest (G:\\Portfolio\\Session Demos\\GPT-H\\node-js-jwt-auth-master\\node_modules\\jest-runner\\build\\runTest.js:499:34)"
          ],
          "fullName": "POST request Create user data",
          "invocations": 1,
          "location": null,
          "numPassingAsserts": 0,
          "retryReasons": [],
          "status": "failed",
          "title": "Create user data"
        }
      ],
      "failureMessage": "\u001b[1m\u001b[31m  \u001b[1m● \u001b[22m\u001b[1mPOST request › Create user data\u001b[39m\u001b[22m\n\n    expected 201 \"Created\", got 404 \"Not Found\"\n\u001b[2m\u001b[22m\n\u001b[2m    \u001b[0m \u001b[90m 27 |\u001b[39m                 \u001b[90m//.set('Authorization', `Token $  {request.token}`) //Authorization token\u001b[39m\u001b[0m\u001b[22m\n\u001b[2m    \u001b[0m \u001b[90m 28 |\u001b[39m                 \u001b[33m.\u001b[39msend(userDetails) \u001b[90m//Request header\u001b[39m\u001b[0m\u001b[22m\n\u001b[2m    \u001b[0m\u001b[31m\u001b[1m>\u001b[22m\u001b[2m\u001b[39m\u001b[90m 29 |\u001b[39m                 \u001b[33m.\u001b[39mexpect(\u001b[35m201\u001b[39m) \u001b[90m//response to be 201\u001b[39m\u001b[0m\u001b[22m\n\u001b[2m    \u001b[0m \u001b[90m    |\u001b[39m                  \u001b[31m\u001b[1m^\u001b[22m\u001b[2m\u001b[39m\u001b[0m\u001b[22m\n\u001b[2m    \u001b[0m \u001b[90m 30 |\u001b[39m                 \u001b[33m.\u001b[39mthen((res) \u001b[33m=>\u001b[39m {\u001b[0m\u001b[22m\n\u001b[2m    \u001b[0m \u001b[90m 31 |\u001b[39m                     expect(res\u001b[33m.\u001b[39mbody)\u001b[33m.\u001b[39mtoBeDefined()\u001b[33m;\u001b[39m \u001b[90m//test if response body is defined\u001b[39m\u001b[0m\u001b[22m\n\u001b[2m    \u001b[0m \u001b[90m 32 |\u001b[39m                     \u001b[90m//expect(res.body.status).toBe(\"success\")\u001b[39m\u001b[0m\u001b[22m\n\u001b[2m\u001b[22m\n\u001b[2m      \u001b[2mat Object.expect (\u001b[22m\u001b[2m\u001b[0m\u001b[36mtest/postAndGet.test.js\u001b[39m\u001b[0m\u001b[2m:29:18)\u001b[22m\u001b[2m\u001b[22m\n\u001b[2m      ----\u001b[22m\n\u001b[2m      \u001b[2mat Test._assertStatus (\u001b[22m\u001b[2m\u001b[0m\u001b[36mnode_modules/supertest/lib/test.js\u001b[39m\u001b[0m\u001b[2m:252:14)\u001b[22m\u001b[2m\u001b[22m\n\u001b[2m      \u001b[2mat \u001b[22m\u001b[2m\u001b[0m\u001b[36mnode_modules/supertest/lib/test.js\u001b[39m\u001b[0m\u001b[2m:306:17\u001b[22m\u001b[2m\u001b[22m\n\u001b[2m      \u001b[2mat Test._assertFunction (\u001b[22m\u001b[2m\u001b[0m\u001b[36mnode_modules/supertest/lib/test.js\u001b[39m\u001b[0m\u001b[2m:285:13)\u001b[22m\u001b[2m\u001b[22m\n\u001b[2m      \u001b[2mat Test.assert (\u001b[22m\u001b[2m\u001b[0m\u001b[36mnode_modules/supertest/lib/test.js\u001b[39m\u001b[0m\u001b[2m:164:23)\u001b[22m\u001b[2m\u001b[22m\n\u001b[2m      \u001b[2mat localAssert (\u001b[22m\u001b[2m\u001b[0m\u001b[36mnode_modules/supertest/lib/test.js\u001b[39m\u001b[0m\u001b[2m:120:14)\u001b[22m\u001b[2m\u001b[22m\n\u001b[2m      \u001b[2mat \u001b[22m\u001b[2m\u001b[0m\u001b[36mnode_modules/supertest/lib/test.js\u001b[39m\u001b[0m\u001b[2m:125:7\u001b[22m\u001b[2m\u001b[22m\n\u001b[2m      \u001b[2mat Test.fn [as callback] (\u001b[22m\u001b[2mnode_modules/superagent/src/node/index.js\u001b[2m:924:3)\u001b[22m\u001b[2m\u001b[22m\n\u001b[2m      \u001b[2mat IncomingMessage.callback (\u001b[22m\u001b[2mnode_modules/superagent/src/node/index.js\u001b[2m:1153:18)\u001b[22m\u001b[2m\u001b[22m\n\n\u001b[1m\u001b[31m  \u001b[1m● \u001b[22m\u001b[1mPOST request › Create user data\u001b[39m\u001b[22m\n\n    thrown: \"Exceeded timeout of 60000 ms for a test.\n    Use jest.setTimeout(newTimeout) to increase the timeout value, if this is a long-running test.\"\n\u001b[2m\u001b[22m\n\u001b[2m    \u001b[0m \u001b[90m 22 |\u001b[39m     })\u001b[33m;\u001b[39m\u001b[0m\u001b[22m\n\u001b[2m    \u001b[0m \u001b[90m 23 |\u001b[39m\u001b[0m\u001b[22m\n\u001b[2m    \u001b[0m\u001b[31m\u001b[1m>\u001b[22m\u001b[2m\u001b[39m\u001b[90m 24 |\u001b[39m \t  it(\u001b[32m\"Create user data\"\u001b[39m\u001b[33m,\u001b[39m \u001b[36masync\u001b[39m done \u001b[33m=>\u001b[39m {\u001b[0m\u001b[22m\n\u001b[2m    \u001b[0m \u001b[90m    |\u001b[39m \t  \u001b[31m\u001b[1m^\u001b[22m\u001b[2m\u001b[39m\u001b[0m\u001b[22m\n\u001b[2m    \u001b[0m \u001b[90m 25 |\u001b[39m\u001b[0m\u001b[22m\n\u001b[2m    \u001b[0m \u001b[90m 26 |\u001b[39m         \u001b[36mreturn\u001b[39m request\u001b[33m.\u001b[39mrequest\u001b[33m.\u001b[39mpost(\u001b[32m`/api/auth/signup`\u001b[39m) \u001b[90m//post() of supertest\u001b[39m\u001b[0m\u001b[22m\n\u001b[2m    \u001b[0m \u001b[90m 27 |\u001b[39m                 \u001b[90m//.set('Authorization', `Token $  {request.token}`) //Authorization token\u001b[39m\u001b[0m\u001b[22m\n\u001b[2m\u001b[22m\n\u001b[2m      \u001b[2mat it (\u001b[22m\u001b[2m\u001b[0m\u001b[36mtest/postAndGet.test.js\u001b[39m\u001b[0m\u001b[2m:24:4)\u001b[22m\u001b[2m\u001b[22m\n\u001b[2m      \u001b[2mat Object.describe (\u001b[22m\u001b[2m\u001b[0m\u001b[36mtest/postAndGet.test.js\u001b[39m\u001b[0m\u001b[2m:6:1)\u001b[22m\u001b[2m\u001b[22m\n"
    },
    {
      "leaks": false,
      "numFailingTests": 0,
      "numPassingTests": 1,
      "numPendingTests": 0,
      "numTodoTests": 0,
      "openHandles": [],
      "perfStats": {
        "end": 1654965737123,
        "runtime": 352,
        "slow": false,
        "start": 1654965736771
      },
      "skipped": false,
      "snapshot": {
        "added": 0,
        "fileDeleted": false,
        "matched": 0,
        "unchecked": 0,
        "uncheckedKeys": [],
        "unmatched": 0,
        "updated": 0
      },
      "testFilePath": "G:\\Portfolio\\Session Demos\\GPT-H\\node-js-jwt-auth-master\\test\\sample.test.js",
      "testResults": [
        {
          "ancestorTitles": [
            "Sample Test"
          ],
          "duration": 7,
          "failureDetails": [],
          "failureMessages": [],
          "fullName": "Sample Test should test that true === true",
          "invocations": 1,
          "location": null,
          "numPassingAsserts": 0,
          "retryReasons": [],
          "status": "passed",
          "title": "should test that true === true"
        }
      ],
      "failureMessage": null
    }
  ],
  "wasInterrupted": false
}