{"G:\\Portfolio\\Session Demos\\GPT-H\\node-js-jwt-auth-master\\server.js": {"path":"G:\\Portfolio\\Session Demos\\GPT-H\\node-js-jwt-auth-master\\server.js","statementMap":{"0":{"start":{"line":1,"column":16},"end":{"line":1,"column":34}},"1":{"start":{"line":2,"column":13},"end":{"line":2,"column":28}},"2":{"start":{"line":3,"column":18},"end":{"line":3,"column":47}},"3":{"start":{"line":4,"column":20},"end":{"line":4,"column":52}},"4":{"start":{"line":5,"column":19},"end":{"line":5,"column":41}},"5":{"start":{"line":6,"column":12},"end":{"line":6,"column":21}},"6":{"start":{"line":8,"column":18},"end":{"line":10,"column":1}},"7":{"start":{"line":12,"column":0},"end":{"line":12,"column":27}},"8":{"start":{"line":15,"column":0},"end":{"line":15,"column":24}},"9":{"start":{"line":18,"column":0},"end":{"line":18,"column":48}},"10":{"start":{"line":21,"column":0},"end":{"line":21,"column":26}},"11":{"start":{"line":22,"column":0},"end":{"line":22,"column":62}},"12":{"start":{"line":25,"column":11},"end":{"line":25,"column":34}},"13":{"start":{"line":26,"column":13},"end":{"line":26,"column":20}},"14":{"start":{"line":28,"column":0},"end":{"line":28,"column":20}},"15":{"start":{"line":36,"column":0},"end":{"line":38,"column":3}},"16":{"start":{"line":37,"column":2},"end":{"line":37,"column":60}},"17":{"start":{"line":41,"column":0},"end":{"line":41,"column":41}},"18":{"start":{"line":42,"column":0},"end":{"line":42,"column":41}},"19":{"start":{"line":45,"column":13},"end":{"line":45,"column":37}},"20":{"start":{"line":46,"column":0},"end":{"line":48,"column":3}},"21":{"start":{"line":47,"column":2},"end":{"line":47,"column":52}},"22":{"start":{"line":51,"column":2},"end":{"line":54,"column":5}},"23":{"start":{"line":56,"column":2},"end":{"line":59,"column":5}},"24":{"start":{"line":61,"column":2},"end":{"line":64,"column":5}},"25":{"start":{"line":65,"column":2},"end":{"line":68,"column":5}},"26":{"start":{"line":69,"column":2},"end":{"line":72,"column":5}},"27":{"start":{"line":75,"column":0},"end":{"line":75,"column":20}}},"fnMap":{"0":{"name":"(anonymous_0)","decl":{"start":{"line":36,"column":13},"end":{"line":36,"column":14}},"loc":{"start":{"line":36,"column":27},"end":{"line":38,"column":1}},"line":36},"1":{"name":"(anonymous_1)","decl":{"start":{"line":46,"column":17},"end":{"line":46,"column":18}},"loc":{"start":{"line":46,"column":23},"end":{"line":48,"column":1}},"line":46},"2":{"name":"initial","decl":{"start":{"line":50,"column":9},"end":{"line":50,"column":16}},"loc":{"start":{"line":50,"column":19},"end":{"line":73,"column":1}},"line":50}},"branchMap":{"0":{"loc":{"start":{"line":45,"column":13},"end":{"line":45,"column":37}},"type":"binary-expr","locations":[{"start":{"line":45,"column":13},"end":{"line":45,"column":29}},{"start":{"line":45,"column":33},"end":{"line":45,"column":37}}],"line":45}},"s":{"0":1,"1":1,"2":1,"3":1,"4":1,"5":1,"6":1,"7":1,"8":1,"9":1,"10":1,"11":1,"12":1,"13":1,"14":1,"15":1,"16":0,"17":1,"18":1,"19":1,"20":1,"21":1,"22":0,"23":0,"24":0,"25":0,"26":0,"27":1},"f":{"0":0,"1":1,"2":0},"b":{"0":[1,1]},"_coverageSchema":"1a1c01bbd47fc00a2c39e90264f33305004495a9","hash":"ebf133debdf381b156370a008184d43be7952aa0"}
,"G:\\Portfolio\\Session Demos\\GPT-H\\node-js-jwt-auth-master\\app\\config\\auth.config.js": {"path":"G:\\Portfolio\\Session Demos\\GPT-H\\node-js-jwt-auth-master\\app\\config\\auth.config.js","statementMap":{"0":{"start":{"line":1,"column":0},"end":{"line":3,"column":2}}},"fnMap":{},"branchMap":{},"s":{"0":1},"f":{},"b":{},"_coverageSchema":"1a1c01bbd47fc00a2c39e90264f33305004495a9","hash":"47a43c749cb75f2da4407b03960cd339c60b8ba4"}
,"G:\\Portfolio\\Session Demos\\GPT-H\\node-js-jwt-auth-master\\app\\config\\db.config.js": {"path":"G:\\Portfolio\\Session Demos\\GPT-H\\node-js-jwt-auth-master\\app\\config\\db.config.js","statementMap":{"0":{"start":{"line":1,"column":0},"end":{"line":13,"column":2}}},"fnMap":{},"branchMap":{},"s":{"0":1},"f":{},"b":{},"_coverageSchema":"1a1c01bbd47fc00a2c39e90264f33305004495a9","hash":"5b1b165e4ee05b8ae3a35329fbb1e9aec8b55e72"}
,"G:\\Portfolio\\Session Demos\\GPT-H\\node-js-jwt-auth-master\\app\\controllers\\auth.controller.js": {"path":"G:\\Portfolio\\Session Demos\\GPT-H\\node-js-jwt-auth-master\\app\\controllers\\auth.controller.js","statementMap":{"0":{"start":{"line":1,"column":11},"end":{"line":1,"column":31}},"1":{"start":{"line":2,"column":15},"end":{"line":2,"column":47}},"2":{"start":{"line":3,"column":13},"end":{"line":3,"column":20}},"3":{"start":{"line":4,"column":13},"end":{"line":4,"column":20}},"4":{"start":{"line":6,"column":11},"end":{"line":6,"column":26}},"5":{"start":{"line":8,"column":10},"end":{"line":8,"column":33}},"6":{"start":{"line":9,"column":13},"end":{"line":9,"column":32}},"7":{"start":{"line":11,"column":0},"end":{"line":41,"column":2}},"8":{"start":{"line":13,"column":2},"end":{"line":40,"column":7}},"9":{"start":{"line":19,"column":6},"end":{"line":36,"column":7}},"10":{"start":{"line":20,"column":8},"end":{"line":30,"column":11}},"11":{"start":{"line":27,"column":10},"end":{"line":29,"column":13}},"12":{"start":{"line":28,"column":12},"end":{"line":28,"column":67}},"13":{"start":{"line":33,"column":8},"end":{"line":35,"column":11}},"14":{"start":{"line":34,"column":10},"end":{"line":34,"column":65}},"15":{"start":{"line":39,"column":6},"end":{"line":39,"column":53}},"16":{"start":{"line":43,"column":0},"end":{"line":87,"column":2}},"17":{"start":{"line":44,"column":2},"end":{"line":86,"column":7}},"18":{"start":{"line":50,"column":6},"end":{"line":52,"column":7}},"19":{"start":{"line":51,"column":8},"end":{"line":51,"column":68}},"20":{"start":{"line":54,"column":28},"end":{"line":57,"column":7}},"21":{"start":{"line":59,"column":6},"end":{"line":64,"column":7}},"22":{"start":{"line":60,"column":8},"end":{"line":63,"column":11}},"23":{"start":{"line":66,"column":18},"end":{"line":68,"column":8}},"24":{"start":{"line":70,"column":24},"end":{"line":70,"column":26}},"25":{"start":{"line":71,"column":6},"end":{"line":82,"column":9}},"26":{"start":{"line":72,"column":8},"end":{"line":74,"column":9}},"27":{"start":{"line":72,"column":21},"end":{"line":72,"column":22}},"28":{"start":{"line":73,"column":10},"end":{"line":73,"column":66}},"29":{"start":{"line":75,"column":8},"end":{"line":81,"column":11}},"30":{"start":{"line":85,"column":6},"end":{"line":85,"column":53}}},"fnMap":{"0":{"name":"(anonymous_0)","decl":{"start":{"line":11,"column":17},"end":{"line":11,"column":18}},"loc":{"start":{"line":11,"column":31},"end":{"line":41,"column":1}},"line":11},"1":{"name":"(anonymous_1)","decl":{"start":{"line":18,"column":10},"end":{"line":18,"column":11}},"loc":{"start":{"line":18,"column":18},"end":{"line":37,"column":5}},"line":18},"2":{"name":"(anonymous_2)","decl":{"start":{"line":26,"column":16},"end":{"line":26,"column":17}},"loc":{"start":{"line":26,"column":25},"end":{"line":30,"column":9}},"line":26},"3":{"name":"(anonymous_3)","decl":{"start":{"line":27,"column":36},"end":{"line":27,"column":37}},"loc":{"start":{"line":27,"column":42},"end":{"line":29,"column":11}},"line":27},"4":{"name":"(anonymous_4)","decl":{"start":{"line":33,"column":32},"end":{"line":33,"column":33}},"loc":{"start":{"line":33,"column":38},"end":{"line":35,"column":9}},"line":33},"5":{"name":"(anonymous_5)","decl":{"start":{"line":38,"column":11},"end":{"line":38,"column":12}},"loc":{"start":{"line":38,"column":18},"end":{"line":40,"column":5}},"line":38},"6":{"name":"(anonymous_6)","decl":{"start":{"line":43,"column":17},"end":{"line":43,"column":18}},"loc":{"start":{"line":43,"column":31},"end":{"line":87,"column":1}},"line":43},"7":{"name":"(anonymous_7)","decl":{"start":{"line":49,"column":10},"end":{"line":49,"column":11}},"loc":{"start":{"line":49,"column":18},"end":{"line":83,"column":5}},"line":49},"8":{"name":"(anonymous_8)","decl":{"start":{"line":71,"column":27},"end":{"line":71,"column":28}},"loc":{"start":{"line":71,"column":36},"end":{"line":82,"column":7}},"line":71},"9":{"name":"(anonymous_9)","decl":{"start":{"line":84,"column":11},"end":{"line":84,"column":12}},"loc":{"start":{"line":84,"column":18},"end":{"line":86,"column":5}},"line":84}},"branchMap":{"0":{"loc":{"start":{"line":19,"column":6},"end":{"line":36,"column":7}},"type":"if","locations":[{"start":{"line":19,"column":6},"end":{"line":36,"column":7}},{"start":{"line":31,"column":13},"end":{"line":36,"column":7}}],"line":19},"1":{"loc":{"start":{"line":50,"column":6},"end":{"line":52,"column":7}},"type":"if","locations":[{"start":{"line":50,"column":6},"end":{"line":52,"column":7}},{"start":{},"end":{}}],"line":50},"2":{"loc":{"start":{"line":59,"column":6},"end":{"line":64,"column":7}},"type":"if","locations":[{"start":{"line":59,"column":6},"end":{"line":64,"column":7}},{"start":{},"end":{}}],"line":59}},"s":{"0":1,"1":1,"2":1,"3":1,"4":1,"5":1,"6":1,"7":1,"8":0,"9":0,"10":0,"11":0,"12":0,"13":0,"14":0,"15":0,"16":1,"17":0,"18":0,"19":0,"20":0,"21":0,"22":0,"23":0,"24":0,"25":0,"26":0,"27":0,"28":0,"29":0,"30":0},"f":{"0":0,"1":0,"2":0,"3":0,"4":0,"5":0,"6":0,"7":0,"8":0,"9":0},"b":{"0":[0,0],"1":[0,0],"2":[0,0]},"_coverageSchema":"1a1c01bbd47fc00a2c39e90264f33305004495a9","hash":"961b1ad719987a8d471789066cd00d777d3ff2d2"}
,"G:\\Portfolio\\Session Demos\\GPT-H\\node-js-jwt-auth-master\\app\\controllers\\user.controller.js": {"path":"G:\\Portfolio\\Session Demos\\GPT-H\\node-js-jwt-auth-master\\app\\controllers\\user.controller.js","statementMap":{"0":{"start":{"line":1,"column":0},"end":{"line":3,"column":2}},"1":{"start":{"line":2,"column":2},"end":{"line":2,"column":42}},"2":{"start":{"line":5,"column":0},"end":{"line":7,"column":2}},"3":{"start":{"line":6,"column":2},"end":{"line":6,"column":40}},"4":{"start":{"line":9,"column":0},"end":{"line":11,"column":2}},"5":{"start":{"line":10,"column":2},"end":{"line":10,"column":41}},"6":{"start":{"line":13,"column":0},"end":{"line":15,"column":2}},"7":{"start":{"line":14,"column":2},"end":{"line":14,"column":45}}},"fnMap":{"0":{"name":"(anonymous_0)","decl":{"start":{"line":1,"column":20},"end":{"line":1,"column":21}},"loc":{"start":{"line":1,"column":34},"end":{"line":3,"column":1}},"line":1},"1":{"name":"(anonymous_1)","decl":{"start":{"line":5,"column":20},"end":{"line":5,"column":21}},"loc":{"start":{"line":5,"column":34},"end":{"line":7,"column":1}},"line":5},"2":{"name":"(anonymous_2)","decl":{"start":{"line":9,"column":21},"end":{"line":9,"column":22}},"loc":{"start":{"line":9,"column":35},"end":{"line":11,"column":1}},"line":9},"3":{"name":"(anonymous_3)","decl":{"start":{"line":13,"column":25},"end":{"line":13,"column":26}},"loc":{"start":{"line":13,"column":39},"end":{"line":15,"column":1}},"line":13}},"branchMap":{},"s":{"0":1,"1":0,"2":1,"3":0,"4":1,"5":0,"6":1,"7":0},"f":{"0":0,"1":0,"2":0,"3":0},"b":{},"_coverageSchema":"1a1c01bbd47fc00a2c39e90264f33305004495a9","hash":"5e285093f3988a7f1952078c30c9e9d649795dc2"}
,"G:\\Portfolio\\Session Demos\\GPT-H\\node-js-jwt-auth-master\\app\\middleware\\authJwt.js": {"path":"G:\\Portfolio\\Session Demos\\GPT-H\\node-js-jwt-auth-master\\app\\middleware\\authJwt.js","statementMap":{"0":{"start":{"line":1,"column":12},"end":{"line":1,"column":35}},"1":{"start":{"line":2,"column":15},"end":{"line":2,"column":50}},"2":{"start":{"line":3,"column":11},"end":{"line":3,"column":31}},"3":{"start":{"line":4,"column":13},"end":{"line":4,"column":20}},"4":{"start":{"line":6,"column":0},"end":{"line":24,"column":2}},"5":{"start":{"line":7,"column":14},"end":{"line":7,"column":43}},"6":{"start":{"line":9,"column":2},"end":{"line":13,"column":3}},"7":{"start":{"line":10,"column":4},"end":{"line":12,"column":7}},"8":{"start":{"line":15,"column":2},"end":{"line":23,"column":5}},"9":{"start":{"line":16,"column":4},"end":{"line":20,"column":5}},"10":{"start":{"line":17,"column":6},"end":{"line":19,"column":9}},"11":{"start":{"line":21,"column":4},"end":{"line":21,"column":28}},"12":{"start":{"line":22,"column":4},"end":{"line":22,"column":11}},"13":{"start":{"line":26,"column":0},"end":{"line":42,"column":2}},"14":{"start":{"line":27,"column":2},"end":{"line":41,"column":5}},"15":{"start":{"line":28,"column":4},"end":{"line":40,"column":7}},"16":{"start":{"line":29,"column":6},"end":{"line":34,"column":7}},"17":{"start":{"line":29,"column":19},"end":{"line":29,"column":20}},"18":{"start":{"line":30,"column":8},"end":{"line":33,"column":9}},"19":{"start":{"line":31,"column":10},"end":{"line":31,"column":17}},"20":{"start":{"line":32,"column":10},"end":{"line":32,"column":17}},"21":{"start":{"line":36,"column":6},"end":{"line":38,"column":9}},"22":{"start":{"line":39,"column":6},"end":{"line":39,"column":13}},"23":{"start":{"line":44,"column":0},"end":{"line":59,"column":2}},"24":{"start":{"line":45,"column":2},"end":{"line":58,"column":5}},"25":{"start":{"line":46,"column":4},"end":{"line":57,"column":7}},"26":{"start":{"line":47,"column":6},"end":{"line":52,"column":7}},"27":{"start":{"line":47,"column":19},"end":{"line":47,"column":20}},"28":{"start":{"line":48,"column":8},"end":{"line":51,"column":9}},"29":{"start":{"line":49,"column":10},"end":{"line":49,"column":17}},"30":{"start":{"line":50,"column":10},"end":{"line":50,"column":17}},"31":{"start":{"line":54,"column":6},"end":{"line":56,"column":9}},"32":{"start":{"line":61,"column":0},"end":{"line":81,"column":2}},"33":{"start":{"line":62,"column":2},"end":{"line":80,"column":5}},"34":{"start":{"line":63,"column":4},"end":{"line":79,"column":7}},"35":{"start":{"line":64,"column":6},"end":{"line":74,"column":7}},"36":{"start":{"line":64,"column":19},"end":{"line":64,"column":20}},"37":{"start":{"line":65,"column":8},"end":{"line":68,"column":9}},"38":{"start":{"line":66,"column":10},"end":{"line":66,"column":17}},"39":{"start":{"line":67,"column":10},"end":{"line":67,"column":17}},"40":{"start":{"line":70,"column":8},"end":{"line":73,"column":9}},"41":{"start":{"line":71,"column":10},"end":{"line":71,"column":17}},"42":{"start":{"line":72,"column":10},"end":{"line":72,"column":17}},"43":{"start":{"line":76,"column":6},"end":{"line":78,"column":9}},"44":{"start":{"line":83,"column":16},"end":{"line":88,"column":1}},"45":{"start":{"line":89,"column":0},"end":{"line":89,"column":25}}},"fnMap":{"0":{"name":"(anonymous_0)","decl":{"start":{"line":6,"column":14},"end":{"line":6,"column":15}},"loc":{"start":{"line":6,"column":34},"end":{"line":24,"column":1}},"line":6},"1":{"name":"(anonymous_1)","decl":{"start":{"line":15,"column":35},"end":{"line":15,"column":36}},"loc":{"start":{"line":15,"column":53},"end":{"line":23,"column":3}},"line":15},"2":{"name":"(anonymous_2)","decl":{"start":{"line":26,"column":10},"end":{"line":26,"column":11}},"loc":{"start":{"line":26,"column":30},"end":{"line":42,"column":1}},"line":26},"3":{"name":"(anonymous_3)","decl":{"start":{"line":27,"column":33},"end":{"line":27,"column":34}},"loc":{"start":{"line":27,"column":41},"end":{"line":41,"column":3}},"line":27},"4":{"name":"(anonymous_4)","decl":{"start":{"line":28,"column":25},"end":{"line":28,"column":26}},"loc":{"start":{"line":28,"column":34},"end":{"line":40,"column":5}},"line":28},"5":{"name":"(anonymous_5)","decl":{"start":{"line":44,"column":14},"end":{"line":44,"column":15}},"loc":{"start":{"line":44,"column":34},"end":{"line":59,"column":1}},"line":44},"6":{"name":"(anonymous_6)","decl":{"start":{"line":45,"column":33},"end":{"line":45,"column":34}},"loc":{"start":{"line":45,"column":41},"end":{"line":58,"column":3}},"line":45},"7":{"name":"(anonymous_7)","decl":{"start":{"line":46,"column":25},"end":{"line":46,"column":26}},"loc":{"start":{"line":46,"column":34},"end":{"line":57,"column":5}},"line":46},"8":{"name":"(anonymous_8)","decl":{"start":{"line":61,"column":21},"end":{"line":61,"column":22}},"loc":{"start":{"line":61,"column":41},"end":{"line":81,"column":1}},"line":61},"9":{"name":"(anonymous_9)","decl":{"start":{"line":62,"column":33},"end":{"line":62,"column":34}},"loc":{"start":{"line":62,"column":41},"end":{"line":80,"column":3}},"line":62},"10":{"name":"(anonymous_10)","decl":{"start":{"line":63,"column":25},"end":{"line":63,"column":26}},"loc":{"start":{"line":63,"column":34},"end":{"line":79,"column":5}},"line":63}},"branchMap":{"0":{"loc":{"start":{"line":9,"column":2},"end":{"line":13,"column":3}},"type":"if","locations":[{"start":{"line":9,"column":2},"end":{"line":13,"column":3}},{"start":{},"end":{}}],"line":9},"1":{"loc":{"start":{"line":16,"column":4},"end":{"line":20,"column":5}},"type":"if","locations":[{"start":{"line":16,"column":4},"end":{"line":20,"column":5}},{"start":{},"end":{}}],"line":16},"2":{"loc":{"start":{"line":30,"column":8},"end":{"line":33,"column":9}},"type":"if","locations":[{"start":{"line":30,"column":8},"end":{"line":33,"column":9}},{"start":{},"end":{}}],"line":30},"3":{"loc":{"start":{"line":48,"column":8},"end":{"line":51,"column":9}},"type":"if","locations":[{"start":{"line":48,"column":8},"end":{"line":51,"column":9}},{"start":{},"end":{}}],"line":48},"4":{"loc":{"start":{"line":65,"column":8},"end":{"line":68,"column":9}},"type":"if","locations":[{"start":{"line":65,"column":8},"end":{"line":68,"column":9}},{"start":{},"end":{}}],"line":65},"5":{"loc":{"start":{"line":70,"column":8},"end":{"line":73,"column":9}},"type":"if","locations":[{"start":{"line":70,"column":8},"end":{"line":73,"column":9}},{"start":{},"end":{}}],"line":70}},"s":{"0":1,"1":1,"2":1,"3":1,"4":1,"5":0,"6":0,"7":0,"8":0,"9":0,"10":0,"11":0,"12":0,"13":1,"14":0,"15":0,"16":0,"17":0,"18":0,"19":0,"20":0,"21":0,"22":0,"23":1,"24":0,"25":0,"26":0,"27":0,"28":0,"29":0,"30":0,"31":0,"32":1,"33":0,"34":0,"35":0,"36":0,"37":0,"38":0,"39":0,"40":0,"41":0,"42":0,"43":0,"44":1,"45":1},"f":{"0":0,"1":0,"2":0,"3":0,"4":0,"5":0,"6":0,"7":0,"8":0,"9":0,"10":0},"b":{"0":[0,0],"1":[0,0],"2":[0,0],"3":[0,0],"4":[0,0],"5":[0,0]},"_coverageSchema":"1a1c01bbd47fc00a2c39e90264f33305004495a9","hash":"16363390e3b91329543d85fe0533be343dac63d4"}
,"G:\\Portfolio\\Session Demos\\GPT-H\\node-js-jwt-auth-master\\app\\middleware\\index.js": {"path":"G:\\Portfolio\\Session Demos\\GPT-H\\node-js-jwt-auth-master\\app\\middleware\\index.js","statementMap":{"0":{"start":{"line":1,"column":16},"end":{"line":1,"column":36}},"1":{"start":{"line":2,"column":21},"end":{"line":2,"column":46}},"2":{"start":{"line":4,"column":0},"end":{"line":7,"column":2}}},"fnMap":{},"branchMap":{},"s":{"0":1,"1":1,"2":1},"f":{},"b":{},"_coverageSchema":"1a1c01bbd47fc00a2c39e90264f33305004495a9","hash":"1be51b425dc8157b4fc3395bcd0b80dfbfaebd07"}
,"G:\\Portfolio\\Session Demos\\GPT-H\\node-js-jwt-auth-master\\app\\middleware\\verifySignUp.js": {"path":"G:\\Portfolio\\Session Demos\\GPT-H\\node-js-jwt-auth-master\\app\\middleware\\verifySignUp.js","statementMap":{"0":{"start":{"line":1,"column":11},"end":{"line":1,"column":31}},"1":{"start":{"line":2,"column":14},"end":{"line":2,"column":22}},"2":{"start":{"line":3,"column":13},"end":{"line":3,"column":20}},"3":{"start":{"line":5,"column":0},"end":{"line":35,"column":2}},"4":{"start":{"line":7,"column":2},"end":{"line":34,"column":5}},"5":{"start":{"line":12,"column":4},"end":{"line":17,"column":5}},"6":{"start":{"line":13,"column":6},"end":{"line":15,"column":9}},"7":{"start":{"line":16,"column":6},"end":{"line":16,"column":13}},"8":{"start":{"line":20,"column":4},"end":{"line":33,"column":7}},"9":{"start":{"line":25,"column":6},"end":{"line":30,"column":7}},"10":{"start":{"line":26,"column":8},"end":{"line":28,"column":11}},"11":{"start":{"line":29,"column":8},"end":{"line":29,"column":15}},"12":{"start":{"line":32,"column":6},"end":{"line":32,"column":13}},"13":{"start":{"line":37,"column":0},"end":{"line":50,"column":2}},"14":{"start":{"line":38,"column":2},"end":{"line":47,"column":3}},"15":{"start":{"line":39,"column":4},"end":{"line":46,"column":5}},"16":{"start":{"line":39,"column":17},"end":{"line":39,"column":18}},"17":{"start":{"line":40,"column":6},"end":{"line":45,"column":7}},"18":{"start":{"line":41,"column":8},"end":{"line":43,"column":11}},"19":{"start":{"line":44,"column":8},"end":{"line":44,"column":15}},"20":{"start":{"line":49,"column":2},"end":{"line":49,"column":9}},"21":{"start":{"line":52,"column":21},"end":{"line":55,"column":1}},"22":{"start":{"line":57,"column":0},"end":{"line":57,"column":30}}},"fnMap":{"0":{"name":"(anonymous_0)","decl":{"start":{"line":5,"column":32},"end":{"line":5,"column":33}},"loc":{"start":{"line":5,"column":52},"end":{"line":35,"column":1}},"line":5},"1":{"name":"(anonymous_1)","decl":{"start":{"line":11,"column":10},"end":{"line":11,"column":11}},"loc":{"start":{"line":11,"column":18},"end":{"line":34,"column":3}},"line":11},"2":{"name":"(anonymous_2)","decl":{"start":{"line":24,"column":12},"end":{"line":24,"column":13}},"loc":{"start":{"line":24,"column":20},"end":{"line":33,"column":5}},"line":24},"3":{"name":"(anonymous_3)","decl":{"start":{"line":37,"column":20},"end":{"line":37,"column":21}},"loc":{"start":{"line":37,"column":40},"end":{"line":50,"column":1}},"line":37}},"branchMap":{"0":{"loc":{"start":{"line":12,"column":4},"end":{"line":17,"column":5}},"type":"if","locations":[{"start":{"line":12,"column":4},"end":{"line":17,"column":5}},{"start":{},"end":{}}],"line":12},"1":{"loc":{"start":{"line":25,"column":6},"end":{"line":30,"column":7}},"type":"if","locations":[{"start":{"line":25,"column":6},"end":{"line":30,"column":7}},{"start":{},"end":{}}],"line":25},"2":{"loc":{"start":{"line":38,"column":2},"end":{"line":47,"column":3}},"type":"if","locations":[{"start":{"line":38,"column":2},"end":{"line":47,"column":3}},{"start":{},"end":{}}],"line":38},"3":{"loc":{"start":{"line":40,"column":6},"end":{"line":45,"column":7}},"type":"if","locations":[{"start":{"line":40,"column":6},"end":{"line":45,"column":7}},{"start":{},"end":{}}],"line":40}},"s":{"0":1,"1":1,"2":1,"3":1,"4":1,"5":1,"6":1,"7":1,"8":0,"9":0,"10":0,"11":0,"12":0,"13":1,"14":0,"15":0,"16":0,"17":0,"18":0,"19":0,"20":0,"21":1,"22":1},"f":{"0":1,"1":1,"2":0,"3":0},"b":{"0":[1,0],"1":[0,0],"2":[0,0],"3":[0,0]},"_coverageSchema":"1a1c01bbd47fc00a2c39e90264f33305004495a9","hash":"f63261dc34b14384aa50e80e76f75646d87b69bb"}
,"G:\\Portfolio\\Session Demos\\GPT-H\\node-js-jwt-auth-master\\app\\models\\index.js": {"path":"G:\\Portfolio\\Session Demos\\GPT-H\\node-js-jwt-auth-master\\app\\models\\index.js","statementMap":{"0":{"start":{"line":1,"column":15},"end":{"line":1,"column":48}},"1":{"start":{"line":3,"column":18},"end":{"line":3,"column":38}},"2":{"start":{"line":4,"column":18},"end":{"line":20,"column":1}},"3":{"start":{"line":22,"column":11},"end":{"line":22,"column":13}},"4":{"start":{"line":24,"column":0},"end":{"line":24,"column":25}},"5":{"start":{"line":25,"column":0},"end":{"line":25,"column":25}},"6":{"start":{"line":27,"column":0},"end":{"line":27,"column":67}},"7":{"start":{"line":28,"column":0},"end":{"line":28,"column":67}},"8":{"start":{"line":30,"column":0},"end":{"line":34,"column":3}},"9":{"start":{"line":35,"column":0},"end":{"line":39,"column":3}},"10":{"start":{"line":41,"column":0},"end":{"line":41,"column":42}},"11":{"start":{"line":43,"column":0},"end":{"line":43,"column":20}}},"fnMap":{},"branchMap":{},"s":{"0":1,"1":1,"2":1,"3":1,"4":1,"5":1,"6":1,"7":1,"8":1,"9":1,"10":1,"11":1},"f":{},"b":{},"_coverageSchema":"1a1c01bbd47fc00a2c39e90264f33305004495a9","hash":"0aa2033c5c85fd3f56aa32393430e2772d082093"}
,"G:\\Portfolio\\Session Demos\\GPT-H\\node-js-jwt-auth-master\\app\\models\\role.model.js": {"path":"G:\\Portfolio\\Session Demos\\GPT-H\\node-js-jwt-auth-master\\app\\models\\role.model.js","statementMap":{"0":{"start":{"line":1,"column":0},"end":{"line":13,"column":2}},"1":{"start":{"line":2,"column":15},"end":{"line":10,"column":4}},"2":{"start":{"line":12,"column":2},"end":{"line":12,"column":14}}},"fnMap":{"0":{"name":"(anonymous_0)","decl":{"start":{"line":1,"column":17},"end":{"line":1,"column":18}},"loc":{"start":{"line":1,"column":43},"end":{"line":13,"column":1}},"line":1}},"branchMap":{},"s":{"0":1,"1":1,"2":1},"f":{"0":1},"b":{},"_coverageSchema":"1a1c01bbd47fc00a2c39e90264f33305004495a9","hash":"e21e7a96ba01f16032e5587ce82b067c84bd975f"}
,"G:\\Portfolio\\Session Demos\\GPT-H\\node-js-jwt-auth-master\\app\\models\\user.model.js": {"path":"G:\\Portfolio\\Session Demos\\GPT-H\\node-js-jwt-auth-master\\app\\models\\user.model.js","statementMap":{"0":{"start":{"line":1,"column":0},"end":{"line":15,"column":2}},"1":{"start":{"line":2,"column":15},"end":{"line":12,"column":4}},"2":{"start":{"line":14,"column":2},"end":{"line":14,"column":14}}},"fnMap":{"0":{"name":"(anonymous_0)","decl":{"start":{"line":1,"column":17},"end":{"line":1,"column":18}},"loc":{"start":{"line":1,"column":43},"end":{"line":15,"column":1}},"line":1}},"branchMap":{},"s":{"0":1,"1":1,"2":1},"f":{"0":1},"b":{},"_coverageSchema":"1a1c01bbd47fc00a2c39e90264f33305004495a9","hash":"b5922c8f49c192432b1fb6120631c0c1691704f2"}
,"G:\\Portfolio\\Session Demos\\GPT-H\\node-js-jwt-auth-master\\app\\routes\\auth.routes.js": {"path":"G:\\Portfolio\\Session Demos\\GPT-H\\node-js-jwt-auth-master\\app\\routes\\auth.routes.js","statementMap":{"0":{"start":{"line":1,"column":25},"end":{"line":1,"column":49}},"1":{"start":{"line":2,"column":19},"end":{"line":2,"column":60}},"2":{"start":{"line":4,"column":0},"end":{"line":23,"column":2}},"3":{"start":{"line":5,"column":2},"end":{"line":11,"column":5}},"4":{"start":{"line":6,"column":4},"end":{"line":9,"column":6}},"5":{"start":{"line":10,"column":4},"end":{"line":10,"column":11}},"6":{"start":{"line":13,"column":2},"end":{"line":20,"column":4}},"7":{"start":{"line":22,"column":2},"end":{"line":22,"column":50}}},"fnMap":{"0":{"name":"(anonymous_0)","decl":{"start":{"line":4,"column":17},"end":{"line":4,"column":18}},"loc":{"start":{"line":4,"column":31},"end":{"line":23,"column":1}},"line":4},"1":{"name":"(anonymous_1)","decl":{"start":{"line":5,"column":10},"end":{"line":5,"column":11}},"loc":{"start":{"line":5,"column":35},"end":{"line":11,"column":3}},"line":5}},"branchMap":{},"s":{"0":1,"1":1,"2":1,"3":1,"4":1,"5":1,"6":1,"7":1},"f":{"0":1,"1":1},"b":{},"_coverageSchema":"1a1c01bbd47fc00a2c39e90264f33305004495a9","hash":"b6e0a024b0c92a7623c53e564a837e7362867a19"}
,"G:\\Portfolio\\Session Demos\\GPT-H\\node-js-jwt-auth-master\\app\\routes\\user.routes.js": {"path":"G:\\Portfolio\\Session Demos\\GPT-H\\node-js-jwt-auth-master\\app\\routes\\user.routes.js","statementMap":{"0":{"start":{"line":1,"column":20},"end":{"line":1,"column":44}},"1":{"start":{"line":2,"column":19},"end":{"line":2,"column":60}},"2":{"start":{"line":4,"column":0},"end":{"line":32,"column":2}},"3":{"start":{"line":5,"column":2},"end":{"line":11,"column":5}},"4":{"start":{"line":6,"column":4},"end":{"line":9,"column":6}},"5":{"start":{"line":10,"column":4},"end":{"line":10,"column":11}},"6":{"start":{"line":13,"column":2},"end":{"line":13,"column":49}},"7":{"start":{"line":15,"column":2},"end":{"line":19,"column":4}},"8":{"start":{"line":21,"column":2},"end":{"line":25,"column":4}},"9":{"start":{"line":27,"column":2},"end":{"line":31,"column":4}}},"fnMap":{"0":{"name":"(anonymous_0)","decl":{"start":{"line":4,"column":17},"end":{"line":4,"column":18}},"loc":{"start":{"line":4,"column":31},"end":{"line":32,"column":1}},"line":4},"1":{"name":"(anonymous_1)","decl":{"start":{"line":5,"column":10},"end":{"line":5,"column":11}},"loc":{"start":{"line":5,"column":35},"end":{"line":11,"column":3}},"line":5}},"branchMap":{},"s":{"0":1,"1":1,"2":1,"3":1,"4":0,"5":0,"6":1,"7":1,"8":1,"9":1},"f":{"0":1,"1":0},"b":{},"_coverageSchema":"1a1c01bbd47fc00a2c39e90264f33305004495a9","hash":"c5daacf7ee6d59c04052fb27919743474c2535a1"}
,"G:\\Portfolio\\Session Demos\\GPT-H\\node-js-jwt-auth-master\\test\\commontest.js": {"path":"G:\\Portfolio\\Session Demos\\GPT-H\\node-js-jwt-auth-master\\test\\commontest.js","statementMap":{"0":{"start":{"line":1,"column":16},"end":{"line":1,"column":36}},"1":{"start":{"line":2,"column":16},"end":{"line":2,"column":51}},"2":{"start":{"line":14,"column":0},"end":{"line":18,"column":1}}},"fnMap":{},"branchMap":{},"s":{"0":1,"1":1,"2":1},"f":{},"b":{},"_coverageSchema":"1a1c01bbd47fc00a2c39e90264f33305004495a9","hash":"55b68214db10ef2a183ef3866f1b175493d3cef9"}
}
